#
# There is insufficient memory for the Java Runtime Environment to continue.
# Native memory allocation (mmap) failed to map 320864256 bytes. Error detail: G1 virtual space
# Possible reasons:
#   The system is out of physical RAM or swap space
#   This process is running with CompressedOops enabled, and the Java Heap may be blocking the growth of the native heap
# Possible solutions:
#   Reduce memory load on the system
#   Increase physical memory or swap space
#   Check if swap backing store is full
#   Decrease Java heap size (-Xmx/-Xms)
#   Decrease number of Java threads
#   Decrease Java thread stack sizes (-Xss)
#   Set larger code cache with -XX:ReservedCodeCacheSize=
#   JVM is running with Zero Based Compressed Oops mode in which the Java heap is
#     placed in the first 32GB address space. The Java Heap base address is the
#     maximum limit for the native heap growth. Please use -XX:HeapBaseMinAddress
#     to set the Java Heap base and to place the Java Heap above 32GB virtual address.
# This output file may be truncated or incomplete.
#
#  Out of Memory Error (os_windows.cpp:3564), pid=13684, tid=19660
#
# JRE version: Java(TM) SE Runtime Environment (24.0.2+12) (build 24.0.2+12-54)
# Java VM: Java HotSpot(TM) 64-Bit Server VM (24.0.2+12-54, mixed mode, sharing, tiered, compressed oops, compressed class ptrs, g1 gc, windows-amd64)
# No core dump will be written. Minidumps are not enabled by default on client versions of Windows
#

---------------  S U M M A R Y ------------

Command Line: org.jetbrains.kotlin.cli.jvm.K2JVMCompiler @D:\Android\Projects\androidSampleProject\app\build\20250821_2263009325638123439.compiler.options

Host: AMD Ryzen 5 3500U with Radeon Vega Mobile Gfx  , 8 cores, 13G,  Windows 10 , 64 bit Build 19041 (10.0.19041.3636)
Time: Thu Aug 21 08:47:06 2025 Pacific Daylight Time elapsed time: 36.770556 seconds (0d 0h 0m 36s)

---------------  T H R E A D  ---------------

Current thread (0x000002207220cfa0):  VMThread "VM Thread"          [id=19660, stack(0x0000009539a00000,0x0000009539b00000) (1024K)]

Stack: [0x0000009539a00000,0x0000009539b00000]
Native frames: (J=compiled Java code, j=interpreted, Vv=VM code, C=native code)
V  [jvm.dll+0x730829]  (no source info available)
V  [jvm.dll+0x8d9da3]  (no source info available)
V  [jvm.dll+0x8dc28d]  (no source info available)
V  [jvm.dll+0x8dc903]  (no source info available)
V  [jvm.dll+0x2a9f56]  (no source info available)
V  [jvm.dll+0x72cd55]  (no source info available)
V  [jvm.dll+0x72066a]  (no source info available)
V  [jvm.dll+0x390b7a]  (no source info available)
V  [jvm.dll+0x398906]  (no source info available)
V  [jvm.dll+0x3850de]  (no source info available)
V  [jvm.dll+0x385398]  (no source info available)
V  [jvm.dll+0x35d10c]  (no source info available)
V  [jvm.dll+0x35d19a]  (no source info available)
V  [jvm.dll+0x3aa602]  (no source info available)
V  [jvm.dll+0x3a8c32]  (no source info available)
V  [jvm.dll+0x35c8d7]  (no source info available)
V  [jvm.dll+0x3a83e4]  (no source info available)
V  [jvm.dll+0x8e29c2]  (no source info available)
V  [jvm.dll+0x8e3d0c]  (no source info available)
V  [jvm.dll+0x8e4278]  (no source info available)
V  [jvm.dll+0x8e4513]  (no source info available)
V  [jvm.dll+0x87d9eb]  (no source info available)
V  [jvm.dll+0x72ef45]  (no source info available)
C  [ucrtbase.dll+0x21bb2]  (no source info available)
C  [KERNEL32.DLL+0x17344]  (no source info available)
C  [ntdll.dll+0x526b1]  (no source info available)

VM_Operation (0x00000095393fd910): G1CollectForAllocation, mode: safepoint, requested by thread 0x0000022051419730


---------------  P R O C E S S  ---------------

Threads class SMR info:
_java_thread_list=0x0000022049251620, length=13, elements={
0x0000022051419730, 0x000002207221c520, 0x000002207221ded0, 0x0000022072220d60,
0x0000022072221890, 0x00000220722223c0, 0x0000022072222ef0, 0x0000022072230b50,
0x00000220722536f0, 0x0000022045087a60, 0x00000220450891c0, 0x000002204bd8dc50,
0x0000022045b17d00
}

Java Threads: ( => current thread )
  0x0000022051419730 JavaThread "main"                              [_thread_blocked, id=16228, stack(0x0000009539300000,0x0000009539400000) (1024K)]
  0x000002207221c520 JavaThread "Reference Handler"          daemon [_thread_blocked, id=4080, stack(0x0000009539b00000,0x0000009539c00000) (1024K)]
  0x000002207221ded0 JavaThread "Finalizer"                  daemon [_thread_blocked, id=7252, stack(0x0000009539c00000,0x0000009539d00000) (1024K)]
  0x0000022072220d60 JavaThread "Signal Dispatcher"          daemon [_thread_blocked, id=1888, stack(0x0000009539d00000,0x0000009539e00000) (1024K)]
  0x0000022072221890 JavaThread "Attach Listener"            daemon [_thread_blocked, id=13068, stack(0x0000009539e00000,0x0000009539f00000) (1024K)]
  0x00000220722223c0 JavaThread "Service Thread"             daemon [_thread_blocked, id=7524, stack(0x0000009539f00000,0x000000953a000000) (1024K)]
  0x0000022072222ef0 JavaThread "Monitor Deflation Thread"   daemon [_thread_blocked, id=19284, stack(0x000000953a000000,0x000000953a100000) (1024K)]
  0x0000022072230b50 JavaThread "C2 CompilerThread0"         daemon [_thread_blocked, id=15108, stack(0x000000953a100000,0x000000953a200000) (1024K)]
  0x00000220722536f0 JavaThread "C1 CompilerThread0"         daemon [_thread_blocked, id=12388, stack(0x000000953a200000,0x000000953a300000) (1024K)]
  0x0000022045087a60 JavaThread "Notification Thread"        daemon [_thread_blocked, id=11588, stack(0x000000953a300000,0x000000953a400000) (1024K)]
  0x00000220450891c0 JavaThread "Common-Cleaner"             daemon [_thread_blocked, id=8396, stack(0x000000953a400000,0x000000953a500000) (1024K)]
  0x000002204bd8dc50 JavaThread "C2 CompilerThread1"         daemon [_thread_blocked, id=6744, stack(0x000000953a500000,0x000000953a600000) (1024K)]
  0x0000022045b17d00 JavaThread "C2 CompilerThread2"         daemon [_thread_blocked, id=20424, stack(0x000000953aa00000,0x000000953ab00000) (1024K)]
Total: 13

Other Threads:
=>0x000002207220cfa0 VMThread "VM Thread"                           [id=19660, stack(0x0000009539a00000,0x0000009539b00000) (1024K)]
  0x0000022072201110 WatcherThread "VM Periodic Task Thread"        [id=12496, stack(0x0000009539900000,0x0000009539a00000) (1024K)]
  0x00000220536b4370 WorkerThread "GC Thread#0"                     [id=13540, stack(0x0000009539400000,0x0000009539500000) (1024K)]
  0x0000022045fe6c40 WorkerThread "GC Thread#1"                     [id=20008, stack(0x000000953a600000,0x000000953a700000) (1024K)]
  0x0000022045fe6ff0 WorkerThread "GC Thread#2"                     [id=16728, stack(0x000000953a700000,0x000000953a800000) (1024K)]
  0x0000022045fe73a0 WorkerThread "GC Thread#3"                     [id=13112, stack(0x000000953a800000,0x000000953a900000) (1024K)]
  0x0000022045fe7b50 WorkerThread "GC Thread#4"                     [id=10472, stack(0x000000953a900000,0x000000953aa00000) (1024K)]
  0x00000220462326e0 WorkerThread "GC Thread#5"                     [id=18940, stack(0x000000953ab00000,0x000000953ac00000) (1024K)]
  0x0000022046232a90 WorkerThread "GC Thread#6"                     [id=12276, stack(0x000000953ac00000,0x000000953ad00000) (1024K)]
  0x00000220462331f0 WorkerThread "GC Thread#7"                     [id=9420, stack(0x000000953ad00000,0x000000953ae00000) (1024K)]
  0x00000220536c6c00 ConcurrentGCThread "G1 Main Marker"            [id=8808, stack(0x0000009539500000,0x0000009539600000) (1024K)]
  0x00000220536c7eb0 WorkerThread "G1 Conc#0"                       [id=16724, stack(0x0000009539600000,0x0000009539700000) (1024K)]
  0x0000022046231820 WorkerThread "G1 Conc#1"                       [id=18132, stack(0x000000953ae00000,0x000000953af00000) (1024K)]
  0x000002205372de60 ConcurrentGCThread "G1 Refine#0"               [id=19888, stack(0x0000009539700000,0x0000009539800000) (1024K)]
  0x000002205372e9e0 ConcurrentGCThread "G1 Service"                [id=13868, stack(0x0000009539800000,0x0000009539900000) (1024K)]
Total: 15

Threads with active compile tasks:
C2 CompilerThread0  36855 24961 %     4       org.jetbrains.kotlin.codegen.optimization.RedundantNopsCleanupMethodTransformer::recordNopsRequiredForDebugger @ 36 (298 bytes)
C2 CompilerThread1  36855 24951       4       org.jetbrains.kotlin.codegen.inline.MethodInliner$doInline$lambdaInliner$1::visitMethodInsn (1742 bytes)
C2 CompilerThread2  36855 24922       4       org.jetbrains.kotlin.codegen.optimization.temporaryVals.TemporaryValsAnalyzer::analyze (1247 bytes)
Total: 3

VM state: at safepoint (normal execution)

VM Mutex/Monitor currently owned by a thread:  ([mutex/lock_event])
[0x00007ffdfb4644f0] Threads_lock - owner thread: 0x000002207220cfa0
[0x00007ffdfb4645f0] Heap_lock - owner thread: 0x0000022051419730

Heap address: 0x0000000721000000, size: 3568 MB, Compressed Oops mode: Zero based, Oop shift amount: 3

CDS archive(s) mapped at: [0x0000022000000000-0x0000022000d40000-0x0000022000d40000), size 13893632, SharedBaseAddress: 0x0000022000000000, ArchiveRelocationMode: 1.
Compressed class space mapped at: 0x0000022001000000-0x0000022041000000, reserved size: 1073741824
UseCompressedClassPointers 1, UseCompactObjectHeaders 0
Narrow klass pointer bits 32, Max shift 3
Narrow klass base: 0x0000022000000000, Narrow klass shift: 0
Encoding Range: [0x0000022000000000 - 0x0000022100000000), (4294967296 bytes)
Klass Range:    [0x0000022000000000 - 0x0000022041000000), (1090519040 bytes)
Klass ID Range:  [8 - 1090519033) (1090519025)

GC Precious Log:
 CardTable entry size: 512
 Card Set container configuration: InlinePtr #cards 4 size 8 Array Of Cards #cards 16 size 48 Howl #buckets 8 coarsen threshold 3686 Howl Bitmap #cards 512 size 80 coarsen threshold 460 Card regions per heap region 1 cards per card region 4096
 CPUs: 8 total, 8 available
 Memory: 14269M
 Large Page Support: Disabled
 NUMA Support: Disabled
 Compressed Oops: Enabled (Zero based)
 Heap Region Size: 2M
 Heap Min Capacity: 8M
 Heap Initial Capacity: 224M
 Heap Max Capacity: 3568M
 Pre-touch: Disabled
 Parallel Workers: 8
 Concurrent Workers: 2
 Concurrent Refinement Workers: 8
 Periodic GC: Disabled

Heap:
 garbage-first heap   total reserved 3653632K, committed 366592K, used 256337K [0x0000000721000000, 0x0000000800000000)
  region size 2048K, 7 young (14336K), 7 survivors (14336K)
 Metaspace       used 87780K, committed 88192K, reserved 1179648K
  class space    used 7631K, committed 7808K, reserved 1048576K

Heap Regions: E=young(eden), S=young(survivor), O=old, HS=humongous(starts), HC=humongous(continues), CS=collection set, F=free, TAMS=top-at-mark-start, PB=parsable bottom
|   0|0x0000000721000000, 0x0000000721200000, 0x0000000721200000|100%|HS|  |TAMS 0x0000000721200000| PB 0x0000000721000000| Complete |  0
|   1|0x0000000721200000, 0x0000000721400000, 0x0000000721400000|100%|HC|  |TAMS 0x0000000721400000| PB 0x0000000721200000| Complete |  0
|   2|0x0000000721400000, 0x0000000721600000, 0x0000000721600000|100%| O|  |TAMS 0x0000000721600000| PB 0x0000000721400000| Untracked |  0
|   3|0x0000000721600000, 0x0000000721800000, 0x0000000721800000|100%| O|  |TAMS 0x0000000721800000| PB 0x0000000721600000| Untracked |  0
|   4|0x0000000721800000, 0x0000000721a00000, 0x0000000721a00000|100%| O|  |TAMS 0x0000000721a00000| PB 0x0000000721800000| Untracked |  0
|   5|0x0000000721a00000, 0x0000000721c00000, 0x0000000721c00000|100%| O|  |TAMS 0x0000000721c00000| PB 0x0000000721a00000| Untracked |  0
|   6|0x0000000721c00000, 0x0000000721e00000, 0x0000000721e00000|100%| O|  |TAMS 0x0000000721e00000| PB 0x0000000721c00000| Untracked |  0
|   7|0x0000000721e00000, 0x0000000722000000, 0x0000000722000000|100%| O|  |TAMS 0x0000000722000000| PB 0x0000000721e00000| Untracked |  0
|   8|0x0000000722000000, 0x0000000722200000, 0x0000000722200000|100%| O|  |TAMS 0x0000000722200000| PB 0x0000000722000000| Untracked |  0
|   9|0x0000000722200000, 0x0000000722400000, 0x0000000722400000|100%| O|  |TAMS 0x0000000722400000| PB 0x0000000722200000| Untracked |  0
|  10|0x0000000722400000, 0x0000000722600000, 0x0000000722600000|100%| O|  |TAMS 0x0000000722600000| PB 0x0000000722400000| Untracked |  0
|  11|0x0000000722600000, 0x0000000722800000, 0x0000000722800000|100%| O|  |TAMS 0x0000000722800000| PB 0x0000000722600000| Untracked |  0
|  12|0x0000000722800000, 0x0000000722a00000, 0x0000000722a00000|100%| O|  |TAMS 0x0000000722a00000| PB 0x0000000722800000| Untracked |  0
|  13|0x0000000722a00000, 0x0000000722c00000, 0x0000000722c00000|100%| O|  |TAMS 0x0000000722c00000| PB 0x0000000722a00000| Untracked |  0
|  14|0x0000000722c00000, 0x0000000722e00000, 0x0000000722e00000|100%| O|  |TAMS 0x0000000722e00000| PB 0x0000000722c00000| Untracked |  0
|  15|0x0000000722e00000, 0x0000000723000000, 0x0000000723000000|100%| O|  |TAMS 0x0000000723000000| PB 0x0000000722e00000| Untracked |  0
|  16|0x0000000723000000, 0x0000000723200000, 0x0000000723200000|100%| O|  |TAMS 0x0000000723200000| PB 0x0000000723000000| Untracked |  0
|  17|0x0000000723200000, 0x0000000723400000, 0x0000000723400000|100%| O|  |TAMS 0x0000000723400000| PB 0x0000000723200000| Untracked |  0
|  18|0x0000000723400000, 0x0000000723600000, 0x0000000723600000|100%| O|  |TAMS 0x0000000723600000| PB 0x0000000723400000| Untracked |  0
|  19|0x0000000723600000, 0x0000000723800000, 0x0000000723800000|100%| O|  |TAMS 0x0000000723800000| PB 0x0000000723600000| Untracked |  0
|  20|0x0000000723800000, 0x0000000723a00000, 0x0000000723a00000|100%| O|  |TAMS 0x0000000723a00000| PB 0x0000000723800000| Untracked |  0
|  21|0x0000000723a00000, 0x0000000723c00000, 0x0000000723c00000|100%| O|  |TAMS 0x0000000723c00000| PB 0x0000000723a00000| Untracked |  0
|  22|0x0000000723c00000, 0x0000000723e00000, 0x0000000723e00000|100%| O|  |TAMS 0x0000000723e00000| PB 0x0000000723c00000| Untracked |  0
|  23|0x0000000723e00000, 0x0000000724000000, 0x0000000724000000|100%| O|  |TAMS 0x0000000724000000| PB 0x0000000723e00000| Untracked |  0
|  24|0x0000000724000000, 0x0000000724200000, 0x0000000724200000|100%| O|  |TAMS 0x0000000724200000| PB 0x0000000724000000| Untracked |  0
|  25|0x0000000724200000, 0x0000000724400000, 0x0000000724400000|100%| O|  |TAMS 0x0000000724400000| PB 0x0000000724200000| Untracked |  0
|  26|0x0000000724400000, 0x0000000724600000, 0x0000000724600000|100%| O|  |TAMS 0x0000000724600000| PB 0x0000000724400000| Untracked |  0
|  27|0x0000000724600000, 0x0000000724800000, 0x0000000724800000|100%| O|  |TAMS 0x0000000724800000| PB 0x0000000724600000| Untracked |  0
|  28|0x0000000724800000, 0x0000000724a00000, 0x0000000724a00000|100%| O|  |TAMS 0x0000000724a00000| PB 0x0000000724800000| Untracked |  0
|  29|0x0000000724a00000, 0x0000000724c00000, 0x0000000724c00000|100%| O|  |TAMS 0x0000000724c00000| PB 0x0000000724a00000| Untracked |  0
|  30|0x0000000724c00000, 0x0000000724e00000, 0x0000000724e00000|100%| O|  |TAMS 0x0000000724e00000| PB 0x0000000724c00000| Untracked |  0
|  31|0x0000000724e00000, 0x0000000725000000, 0x0000000725000000|100%| O|  |TAMS 0x0000000725000000| PB 0x0000000724e00000| Untracked |  0
|  32|0x0000000725000000, 0x0000000725200000, 0x0000000725200000|100%| O|  |TAMS 0x0000000725200000| PB 0x0000000725000000| Untracked |  0
|  33|0x0000000725200000, 0x0000000725400000, 0x0000000725400000|100%| O|  |TAMS 0x0000000725400000| PB 0x0000000725200000| Untracked |  0
|  34|0x0000000725400000, 0x0000000725600000, 0x0000000725600000|100%| O|  |TAMS 0x0000000725600000| PB 0x0000000725400000| Untracked |  0
|  35|0x0000000725600000, 0x0000000725800000, 0x0000000725800000|100%| O|  |TAMS 0x0000000725800000| PB 0x0000000725600000| Untracked |  0
|  36|0x0000000725800000, 0x0000000725a00000, 0x0000000725a00000|100%| O|  |TAMS 0x0000000725a00000| PB 0x0000000725800000| Untracked |  0
|  37|0x0000000725a00000, 0x0000000725c00000, 0x0000000725c00000|100%| O|  |TAMS 0x0000000725c00000| PB 0x0000000725a00000| Untracked |  0
|  38|0x0000000725c00000, 0x0000000725e00000, 0x0000000725e00000|100%| O|  |TAMS 0x0000000725e00000| PB 0x0000000725c00000| Untracked |  0
|  39|0x0000000725e00000, 0x0000000726000000, 0x0000000726000000|100%| O|  |TAMS 0x0000000726000000| PB 0x0000000725e00000| Untracked |  0
|  40|0x0000000726000000, 0x0000000726200000, 0x0000000726200000|100%| O|  |TAMS 0x0000000726200000| PB 0x0000000726000000| Untracked |  0
|  41|0x0000000726200000, 0x0000000726400000, 0x0000000726400000|100%| O|  |TAMS 0x0000000726400000| PB 0x0000000726200000| Untracked |  0
|  42|0x0000000726400000, 0x0000000726600000, 0x0000000726600000|100%| O|  |TAMS 0x0000000726600000| PB 0x0000000726400000| Untracked |  0
|  43|0x0000000726600000, 0x0000000726800000, 0x0000000726800000|100%| O|  |TAMS 0x0000000726800000| PB 0x0000000726600000| Untracked |  0
|  44|0x0000000726800000, 0x0000000726a00000, 0x0000000726a00000|100%| O|  |TAMS 0x0000000726a00000| PB 0x0000000726800000| Untracked |  0
|  45|0x0000000726a00000, 0x0000000726c00000, 0x0000000726c00000|100%| O|  |TAMS 0x0000000726c00000| PB 0x0000000726a00000| Untracked |  0
|  46|0x0000000726c00000, 0x0000000726e00000, 0x0000000726e00000|100%| O|  |TAMS 0x0000000726e00000| PB 0x0000000726c00000| Untracked |  0
|  47|0x0000000726e00000, 0x0000000727000000, 0x0000000727000000|100%| O|  |TAMS 0x0000000727000000| PB 0x0000000726e00000| Untracked |  0
|  48|0x0000000727000000, 0x0000000727200000, 0x0000000727200000|100%| O|  |TAMS 0x0000000727200000| PB 0x0000000727000000| Untracked |  0
|  49|0x0000000727200000, 0x0000000727400000, 0x0000000727400000|100%| O|  |TAMS 0x0000000727400000| PB 0x0000000727200000| Untracked |  0
|  50|0x0000000727400000, 0x0000000727600000, 0x0000000727600000|100%| O|  |TAMS 0x0000000727600000| PB 0x0000000727400000| Untracked |  0
|  51|0x0000000727600000, 0x0000000727800000, 0x0000000727800000|100%| O|  |TAMS 0x0000000727800000| PB 0x0000000727600000| Untracked |  0
|  52|0x0000000727800000, 0x0000000727a00000, 0x0000000727a00000|100%| O|  |TAMS 0x0000000727a00000| PB 0x0000000727800000| Untracked |  0
|  53|0x0000000727a00000, 0x0000000727c00000, 0x0000000727c00000|100%| O|  |TAMS 0x0000000727c00000| PB 0x0000000727a00000| Untracked |  0
|  54|0x0000000727c00000, 0x0000000727e00000, 0x0000000727e00000|100%| O|  |TAMS 0x0000000727e00000| PB 0x0000000727c00000| Untracked |  0
|  55|0x0000000727e00000, 0x0000000728000000, 0x0000000728000000|100%| O|  |TAMS 0x0000000728000000| PB 0x0000000727e00000| Untracked |  0
|  56|0x0000000728000000, 0x0000000728200000, 0x0000000728200000|100%| O|  |TAMS 0x0000000728200000| PB 0x0000000728000000| Untracked |  0
|  57|0x0000000728200000, 0x0000000728400000, 0x0000000728400000|100%| O|  |TAMS 0x0000000728400000| PB 0x0000000728200000| Untracked |  0
|  58|0x0000000728400000, 0x0000000728600000, 0x0000000728600000|100%| O|  |TAMS 0x0000000728600000| PB 0x0000000728400000| Untracked |  0
|  59|0x0000000728600000, 0x0000000728800000, 0x0000000728800000|100%| O|  |TAMS 0x0000000728800000| PB 0x0000000728600000| Untracked |  0
|  60|0x0000000728800000, 0x0000000728a00000, 0x0000000728a00000|100%| O|  |TAMS 0x0000000728a00000| PB 0x0000000728800000| Untracked |  0
|  61|0x0000000728a00000, 0x0000000728c00000, 0x0000000728c00000|100%| O|  |TAMS 0x0000000728c00000| PB 0x0000000728a00000| Untracked |  0
|  62|0x0000000728c00000, 0x0000000728e00000, 0x0000000728e00000|100%| O|  |TAMS 0x0000000728e00000| PB 0x0000000728c00000| Untracked |  0
|  63|0x0000000728e00000, 0x0000000729000000, 0x0000000729000000|100%| O|  |TAMS 0x0000000729000000| PB 0x0000000728e00000| Untracked |  0
|  64|0x0000000729000000, 0x0000000729200000, 0x0000000729200000|100%| O|  |TAMS 0x0000000729200000| PB 0x0000000729000000| Untracked |  0
|  65|0x0000000729200000, 0x0000000729400000, 0x0000000729400000|100%| O|  |TAMS 0x0000000729400000| PB 0x0000000729200000| Untracked |  0
|  66|0x0000000729400000, 0x0000000729600000, 0x0000000729600000|100%| O|  |TAMS 0x0000000729600000| PB 0x0000000729400000| Untracked |  0
|  67|0x0000000729600000, 0x0000000729800000, 0x0000000729800000|100%| O|  |TAMS 0x0000000729800000| PB 0x0000000729600000| Untracked |  0
|  68|0x0000000729800000, 0x0000000729a00000, 0x0000000729a00000|100%| O|  |TAMS 0x0000000729a00000| PB 0x0000000729800000| Untracked |  0
|  69|0x0000000729a00000, 0x0000000729c00000, 0x0000000729c00000|100%| O|  |TAMS 0x0000000729c00000| PB 0x0000000729a00000| Untracked |  0
|  70|0x0000000729c00000, 0x0000000729e00000, 0x0000000729e00000|100%| O|  |TAMS 0x0000000729e00000| PB 0x0000000729c00000| Untracked |  0
|  71|0x0000000729e00000, 0x000000072a000000, 0x000000072a000000|100%| O|  |TAMS 0x000000072a000000| PB 0x0000000729e00000| Untracked |  0
|  72|0x000000072a000000, 0x000000072a200000, 0x000000072a200000|100%| O|  |TAMS 0x000000072a200000| PB 0x000000072a000000| Untracked |  0
|  73|0x000000072a200000, 0x000000072a400000, 0x000000072a400000|100%| O|  |TAMS 0x000000072a400000| PB 0x000000072a200000| Untracked |  0
|  74|0x000000072a400000, 0x000000072a600000, 0x000000072a600000|100%| O|  |TAMS 0x000000072a600000| PB 0x000000072a400000| Untracked |  0
|  75|0x000000072a600000, 0x000000072a800000, 0x000000072a800000|100%| O|  |TAMS 0x000000072a800000| PB 0x000000072a600000| Untracked |  0
|  76|0x000000072a800000, 0x000000072aa00000, 0x000000072aa00000|100%| O|  |TAMS 0x000000072aa00000| PB 0x000000072a800000| Untracked |  0
|  77|0x000000072aa00000, 0x000000072ac00000, 0x000000072ac00000|100%| O|  |TAMS 0x000000072ac00000| PB 0x000000072aa00000| Untracked |  0
|  78|0x000000072ac00000, 0x000000072ae00000, 0x000000072ae00000|100%| O|  |TAMS 0x000000072ae00000| PB 0x000000072ac00000| Untracked |  0
|  79|0x000000072ae00000, 0x000000072b000000, 0x000000072b000000|100%| O|  |TAMS 0x000000072b000000| PB 0x000000072ae00000| Untracked |  0
|  80|0x000000072b000000, 0x000000072b200000, 0x000000072b200000|100%| O|  |TAMS 0x000000072b000000| PB 0x000000072b000000| Untracked |  0
|  81|0x000000072b200000, 0x000000072b400000, 0x000000072b400000|100%| O|  |TAMS 0x000000072b200000| PB 0x000000072b200000| Untracked |  0
|  82|0x000000072b400000, 0x000000072b600000, 0x000000072b600000|100%| O|  |TAMS 0x000000072b600000| PB 0x000000072b400000| Untracked |  0
|  83|0x000000072b600000, 0x000000072b800000, 0x000000072b800000|100%| O|  |TAMS 0x000000072b800000| PB 0x000000072b600000| Untracked |  0
|  84|0x000000072b800000, 0x000000072ba00000, 0x000000072ba00000|100%| O|  |TAMS 0x000000072ba00000| PB 0x000000072b800000| Untracked |  0
|  85|0x000000072ba00000, 0x000000072bc00000, 0x000000072bc00000|100%| O|  |TAMS 0x000000072bc00000| PB 0x000000072ba00000| Untracked |  0
|  86|0x000000072bc00000, 0x000000072be00000, 0x000000072be00000|100%| O|  |TAMS 0x000000072be00000| PB 0x000000072bc00000| Untracked |  0
|  87|0x000000072be00000, 0x000000072c000000, 0x000000072c000000|100%| O|  |TAMS 0x000000072c000000| PB 0x000000072be00000| Untracked |  0
|  88|0x000000072c000000, 0x000000072c200000, 0x000000072c200000|100%| O|  |TAMS 0x000000072c200000| PB 0x000000072c000000| Untracked |  0
|  89|0x000000072c200000, 0x000000072c400000, 0x000000072c400000|100%| O|  |TAMS 0x000000072c400000| PB 0x000000072c200000| Untracked |  0
|  90|0x000000072c400000, 0x000000072c600000, 0x000000072c600000|100%| O|  |TAMS 0x000000072c400000| PB 0x000000072c400000| Untracked |  0
|  91|0x000000072c600000, 0x000000072c800000, 0x000000072c800000|100%| O|  |TAMS 0x000000072c800000| PB 0x000000072c600000| Untracked |  0
|  92|0x000000072c800000, 0x000000072ca00000, 0x000000072ca00000|100%| O|  |TAMS 0x000000072ca00000| PB 0x000000072c800000| Untracked |  0
|  93|0x000000072ca00000, 0x000000072cc00000, 0x000000072cc00000|100%| O|  |TAMS 0x000000072cc00000| PB 0x000000072ca00000| Untracked |  0
|  94|0x000000072cc00000, 0x000000072ce00000, 0x000000072ce00000|100%| O|  |TAMS 0x000000072ce00000| PB 0x000000072cc00000| Untracked |  0
|  95|0x000000072ce00000, 0x000000072d000000, 0x000000072d000000|100%| O|  |TAMS 0x000000072d000000| PB 0x000000072ce00000| Untracked |  0
|  96|0x000000072d000000, 0x000000072d200000, 0x000000072d200000|100%| O|  |TAMS 0x000000072d200000| PB 0x000000072d000000| Untracked |  0
|  97|0x000000072d200000, 0x000000072d400000, 0x000000072d400000|100%| O|  |TAMS 0x000000072d400000| PB 0x000000072d200000| Untracked |  0
|  98|0x000000072d400000, 0x000000072d600000, 0x000000072d600000|100%| O|  |TAMS 0x000000072d600000| PB 0x000000072d400000| Untracked |  0
|  99|0x000000072d600000, 0x000000072d800000, 0x000000072d800000|100%| O|  |TAMS 0x000000072d800000| PB 0x000000072d600000| Untracked |  0
| 100|0x000000072d800000, 0x000000072da00000, 0x000000072da00000|100%| O|  |TAMS 0x000000072da00000| PB 0x000000072d800000| Untracked |  0
| 101|0x000000072da00000, 0x000000072dc00000, 0x000000072dc00000|100%| O|  |TAMS 0x000000072dc00000| PB 0x000000072da00000| Untracked |  0
| 102|0x000000072dc00000, 0x000000072de00000, 0x000000072de00000|100%| O|  |TAMS 0x000000072de00000| PB 0x000000072dc00000| Untracked |  0
| 103|0x000000072de00000, 0x000000072e000000, 0x000000072e000000|100%| O|  |TAMS 0x000000072e000000| PB 0x000000072de00000| Untracked |  0
| 104|0x000000072e000000, 0x000000072e200000, 0x000000072e200000|100%| O|  |TAMS 0x000000072e200000| PB 0x000000072e000000| Untracked |  0
| 105|0x000000072e200000, 0x000000072e400000, 0x000000072e400000|100%| O|  |TAMS 0x000000072e400000| PB 0x000000072e200000| Untracked |  0
| 106|0x000000072e400000, 0x000000072e600000, 0x000000072e600000|100%| O|  |TAMS 0x000000072e600000| PB 0x000000072e400000| Untracked |  0
| 107|0x000000072e600000, 0x000000072e800000, 0x000000072e800000|100%| O|  |TAMS 0x000000072e7f8c80| PB 0x000000072e600000| Untracked |  0
| 108|0x000000072e800000, 0x000000072ea00000, 0x000000072ea00000|100%| O|  |TAMS 0x000000072e800000| PB 0x000000072e800000| Untracked |  0
| 109|0x000000072ea00000, 0x000000072ec00000, 0x000000072ec00000|100%| O|  |TAMS 0x000000072ea00000| PB 0x000000072ea00000| Untracked |  0
| 110|0x000000072ec00000, 0x000000072ee00000, 0x000000072ee00000|100%| O|  |TAMS 0x000000072ec00000| PB 0x000000072ec00000| Untracked |  0
| 111|0x000000072ee00000, 0x000000072f000000, 0x000000072f000000|100%| O|  |TAMS 0x000000072ee00000| PB 0x000000072ee00000| Untracked |  0
| 112|0x000000072f000000, 0x000000072f0544c8, 0x000000072f200000| 16%| O|  |TAMS 0x000000072f000000| PB 0x000000072f000000| Untracked |  0
| 113|0x000000072f200000, 0x000000072f200000, 0x000000072f400000|  0%| F|  |TAMS 0x000000072f200000| PB 0x000000072f200000| Untracked |  0
| 114|0x000000072f400000, 0x000000072f400000, 0x000000072f600000|  0%| F|  |TAMS 0x000000072f400000| PB 0x000000072f400000| Untracked |  0
| 115|0x000000072f600000, 0x000000072f600000, 0x000000072f800000|  0%| F|  |TAMS 0x000000072f600000| PB 0x000000072f600000| Untracked |  0
| 116|0x000000072f800000, 0x000000072f800000, 0x000000072fa00000|  0%| F|  |TAMS 0x000000072f800000| PB 0x000000072f800000| Untracked |  0
| 117|0x000000072fa00000, 0x000000072fa00000, 0x000000072fc00000|  0%| F|  |TAMS 0x000000072fa00000| PB 0x000000072fa00000| Untracked |  0
| 118|0x000000072fc00000, 0x000000072fc00000, 0x000000072fe00000|  0%| F|  |TAMS 0x000000072fc00000| PB 0x000000072fc00000| Untracked |  0
| 119|0x000000072fe00000, 0x000000072fe00000, 0x0000000730000000|  0%| F|  |TAMS 0x000000072fe00000| PB 0x000000072fe00000| Untracked |  0
| 120|0x0000000730000000, 0x0000000730200000, 0x0000000730200000|100%| S|CS|TAMS 0x0000000730000000| PB 0x0000000730000000| Complete |  0
| 121|0x0000000730200000, 0x0000000730400000, 0x0000000730400000|100%| S|CS|TAMS 0x0000000730200000| PB 0x0000000730200000| Complete |  0
| 122|0x0000000730400000, 0x0000000730600000, 0x0000000730600000|100%| S|CS|TAMS 0x0000000730400000| PB 0x0000000730400000| Complete |  0
| 123|0x0000000730600000, 0x0000000730800000, 0x0000000730800000|100%| S|CS|TAMS 0x0000000730600000| PB 0x0000000730600000| Complete |  0
| 124|0x0000000730800000, 0x0000000730a00000, 0x0000000730a00000|100%| S|CS|TAMS 0x0000000730800000| PB 0x0000000730800000| Complete |  0
| 125|0x0000000730a00000, 0x0000000730c00000, 0x0000000730c00000|100%| S|CS|TAMS 0x0000000730a00000| PB 0x0000000730a00000| Complete |  0
| 126|0x0000000730c00000, 0x0000000730e00000, 0x0000000730e00000|100%| S|CS|TAMS 0x0000000730c00000| PB 0x0000000730c00000| Complete |  0
| 127|0x0000000730e00000, 0x0000000730e00000, 0x0000000731000000|  0%| F|  |TAMS 0x0000000730e00000| PB 0x0000000730e00000| Untracked |  0
| 128|0x0000000731000000, 0x0000000731000000, 0x0000000731200000|  0%| F|  |TAMS 0x0000000731000000| PB 0x0000000731000000| Untracked |  0
| 129|0x0000000731200000, 0x0000000731200000, 0x0000000731400000|  0%| F|  |TAMS 0x0000000731200000| PB 0x0000000731200000| Untracked |  0
| 130|0x0000000731400000, 0x0000000731400000, 0x0000000731600000|  0%| F|  |TAMS 0x0000000731400000| PB 0x0000000731400000| Untracked |  0
| 131|0x0000000731600000, 0x0000000731600000, 0x0000000731800000|  0%| F|  |TAMS 0x0000000731600000| PB 0x0000000731600000| Untracked |  0
| 132|0x0000000731800000, 0x0000000731800000, 0x0000000731a00000|  0%| F|  |TAMS 0x0000000731800000| PB 0x0000000731800000| Untracked |  0
| 133|0x0000000731a00000, 0x0000000731a00000, 0x0000000731c00000|  0%| F|  |TAMS 0x0000000731a00000| PB 0x0000000731a00000| Untracked |  0
| 134|0x0000000731c00000, 0x0000000731c00000, 0x0000000731e00000|  0%| F|  |TAMS 0x0000000731c00000| PB 0x0000000731c00000| Untracked |  0
| 135|0x0000000731e00000, 0x0000000731e00000, 0x0000000732000000|  0%| F|  |TAMS 0x0000000731e00000| PB 0x0000000731e00000| Untracked |  0
| 136|0x0000000732000000, 0x0000000732000000, 0x0000000732200000|  0%| F|  |TAMS 0x0000000732000000| PB 0x0000000732000000| Untracked |  0
| 137|0x0000000732200000, 0x0000000732200000, 0x0000000732400000|  0%| F|  |TAMS 0x0000000732200000| PB 0x0000000732200000| Untracked |  0
| 138|0x0000000732400000, 0x0000000732400000, 0x0000000732600000|  0%| F|  |TAMS 0x0000000732400000| PB 0x0000000732400000| Untracked |  0
| 139|0x0000000732600000, 0x0000000732600000, 0x0000000732800000|  0%| F|  |TAMS 0x0000000732600000| PB 0x0000000732600000| Untracked |  0
| 140|0x0000000732800000, 0x0000000732800000, 0x0000000732a00000|  0%| F|  |TAMS 0x0000000732800000| PB 0x0000000732800000| Untracked |  0
| 141|0x0000000732a00000, 0x0000000732a00000, 0x0000000732c00000|  0%| F|  |TAMS 0x0000000732a00000| PB 0x0000000732a00000| Untracked |  0
| 142|0x0000000732c00000, 0x0000000732c00000, 0x0000000732e00000|  0%| F|  |TAMS 0x0000000732c00000| PB 0x0000000732c00000| Untracked |  0
| 143|0x0000000732e00000, 0x0000000732e00000, 0x0000000733000000|  0%| F|  |TAMS 0x0000000732e00000| PB 0x0000000732e00000| Untracked |  0
| 144|0x0000000733000000, 0x0000000733000000, 0x0000000733200000|  0%| F|  |TAMS 0x0000000733000000| PB 0x0000000733000000| Untracked |  0
| 145|0x0000000733200000, 0x0000000733200000, 0x0000000733400000|  0%| F|  |TAMS 0x0000000733200000| PB 0x0000000733200000| Untracked |  0
| 146|0x0000000733400000, 0x0000000733400000, 0x0000000733600000|  0%| F|  |TAMS 0x0000000733400000| PB 0x0000000733400000| Untracked |  0
| 147|0x0000000733600000, 0x0000000733600000, 0x0000000733800000|  0%| F|  |TAMS 0x0000000733600000| PB 0x0000000733600000| Untracked |  0
| 148|0x0000000733800000, 0x0000000733800000, 0x0000000733a00000|  0%| F|  |TAMS 0x0000000733800000| PB 0x0000000733800000| Untracked |  0
| 149|0x0000000733a00000, 0x0000000733a00000, 0x0000000733c00000|  0%| F|  |TAMS 0x0000000733a00000| PB 0x0000000733a00000| Untracked |  0
| 150|0x0000000733c00000, 0x0000000733c00000, 0x0000000733e00000|  0%| F|  |TAMS 0x0000000733c00000| PB 0x0000000733c00000| Untracked |  0
| 151|0x0000000733e00000, 0x0000000733e00000, 0x0000000734000000|  0%| F|  |TAMS 0x0000000733e00000| PB 0x0000000733e00000| Untracked |  0
| 152|0x0000000734000000, 0x0000000734000000, 0x0000000734200000|  0%| F|  |TAMS 0x0000000734000000| PB 0x0000000734000000| Untracked |  0
| 153|0x0000000734200000, 0x0000000734200000, 0x0000000734400000|  0%| F|  |TAMS 0x0000000734200000| PB 0x0000000734200000| Untracked |  0
| 154|0x0000000734400000, 0x0000000734400000, 0x0000000734600000|  0%| F|  |TAMS 0x0000000734400000| PB 0x0000000734400000| Untracked |  0
| 155|0x0000000734600000, 0x0000000734600000, 0x0000000734800000|  0%| F|  |TAMS 0x0000000734600000| PB 0x0000000734600000| Untracked |  0
| 156|0x0000000734800000, 0x0000000734800000, 0x0000000734a00000|  0%| F|  |TAMS 0x0000000734800000| PB 0x0000000734800000| Untracked |  0
| 157|0x0000000734a00000, 0x0000000734a00000, 0x0000000734c00000|  0%| F|  |TAMS 0x0000000734a00000| PB 0x0000000734a00000| Untracked |  0
| 158|0x0000000734c00000, 0x0000000734c00000, 0x0000000734e00000|  0%| F|  |TAMS 0x0000000734c00000| PB 0x0000000734c00000| Untracked |  0
| 159|0x0000000734e00000, 0x0000000734e00000, 0x0000000735000000|  0%| F|  |TAMS 0x0000000734e00000| PB 0x0000000734e00000| Untracked |  0
| 160|0x0000000735000000, 0x0000000735000000, 0x0000000735200000|  0%| F|  |TAMS 0x0000000735000000| PB 0x0000000735000000| Untracked |  0
| 161|0x0000000735200000, 0x0000000735200000, 0x0000000735400000|  0%| F|  |TAMS 0x0000000735200000| PB 0x0000000735200000| Untracked |  0
| 162|0x0000000735400000, 0x0000000735400000, 0x0000000735600000|  0%| F|  |TAMS 0x0000000735400000| PB 0x0000000735400000| Untracked |  0
| 163|0x0000000735600000, 0x0000000735600000, 0x0000000735800000|  0%| F|  |TAMS 0x0000000735600000| PB 0x0000000735600000| Untracked |  0
| 164|0x0000000735800000, 0x0000000735800000, 0x0000000735a00000|  0%| F|  |TAMS 0x0000000735800000| PB 0x0000000735800000| Untracked |  0
| 165|0x0000000735a00000, 0x0000000735a00000, 0x0000000735c00000|  0%| F|  |TAMS 0x0000000735a00000| PB 0x0000000735a00000| Untracked |  0
| 166|0x0000000735c00000, 0x0000000735c00000, 0x0000000735e00000|  0%| F|  |TAMS 0x0000000735c00000| PB 0x0000000735c00000| Untracked |  0
| 167|0x0000000735e00000, 0x0000000735e00000, 0x0000000736000000|  0%| F|  |TAMS 0x0000000735e00000| PB 0x0000000735e00000| Untracked |  0
| 168|0x0000000736000000, 0x0000000736000000, 0x0000000736200000|  0%| F|  |TAMS 0x0000000736000000| PB 0x0000000736000000| Untracked |  0
| 169|0x0000000736200000, 0x0000000736200000, 0x0000000736400000|  0%| F|  |TAMS 0x0000000736200000| PB 0x0000000736200000| Untracked |  0
| 170|0x0000000736400000, 0x0000000736400000, 0x0000000736600000|  0%| F|  |TAMS 0x0000000736400000| PB 0x0000000736400000| Untracked |  0
|1776|0x00000007ff000000, 0x00000007ff000000, 0x00000007ff200000|  0%| F|  |TAMS 0x00000007ff000000| PB 0x00000007ff000000| Untracked |  0
|1777|0x00000007ff200000, 0x00000007ff400000, 0x00000007ff400000|100%| O|  |TAMS 0x00000007ff400000| PB 0x00000007ff200000| Untracked |  0
|1778|0x00000007ff400000, 0x00000007ff600000, 0x00000007ff600000|100%| O|  |TAMS 0x00000007ff600000| PB 0x00000007ff400000| Untracked |  0
|1779|0x00000007ff600000, 0x00000007ff800000, 0x00000007ff800000|100%| O|  |TAMS 0x00000007ff800000| PB 0x00000007ff600000| Untracked |  0
|1780|0x00000007ff800000, 0x00000007ffa00000, 0x00000007ffa00000|100%| O|  |TAMS 0x00000007ffa00000| PB 0x00000007ff800000| Untracked |  0
|1781|0x00000007ffa00000, 0x00000007ffc00000, 0x00000007ffc00000|100%| O|  |TAMS 0x00000007ffc00000| PB 0x00000007ffa00000| Untracked |  0
|1782|0x00000007ffc00000, 0x00000007ffe00000, 0x00000007ffe00000|100%| O|  |TAMS 0x00000007ffe00000| PB 0x00000007ffc00000| Untracked |  0
|1783|0x00000007ffe00000, 0x00000007ffe00000, 0x0000000800000000|  0%| F|  |TAMS 0x00000007ffe00000| PB 0x00000007ffe00000| Untracked |  0

Card table byte_map: [0x000002206b940000,0x000002206c040000] _byte_map_base: 0x0000022068038000

Marking Bits: (CMBitMap*) 0x00000220536b4a80
 Bits: [0x000002206c040000, 0x000002206f800000)

Polling page: 0x0000022051520000

Metaspace:

Usage:
  Non-class:     78.27 MB used.
      Class:      7.45 MB used.
       Both:     85.72 MB used.

Virtual space:
  Non-class space:      128.00 MB reserved,      78.50 MB ( 61%) committed,  2 nodes.
      Class space:        1.00 GB reserved,       7.62 MB ( <1%) committed,  1 nodes.
             Both:        1.12 GB reserved,      86.12 MB (  7%) committed. 

Chunk freelists:
   Non-Class:  1.38 MB
       Class:  8.42 MB
        Both:  9.80 MB

MaxMetaspaceSize: unlimited
CompressedClassSpaceSize: 1.00 GB
Initial GC threshold: 21.00 MB
Current GC threshold: 143.44 MB
CDS: on
 - commit_granule_bytes: 65536.
 - commit_granule_words: 8192.
 - virtual_space_node_default_size: 8388608.
 - enlarge_chunks_in_place: 1.
UseCompressedClassPointers 1, UseCompactObjectHeaders 0
Narrow klass pointer bits 32, Max shift 3
Narrow klass base: 0x0000022000000000, Narrow klass shift: 0
Encoding Range: [0x0000022000000000 - 0x0000022100000000), (4294967296 bytes)
Klass Range:    [0x0000022000000000 - 0x0000022041000000), (1090519040 bytes)
Klass ID Range:  [8 - 1090519033) (1090519025)


Internal statistics:

num_allocs_failed_limit: 9.
num_arena_births: 492.
num_arena_deaths: 0.
num_vsnodes_births: 3.
num_vsnodes_deaths: 0.
num_space_committed: 1375.
num_space_uncommitted: 0.
num_chunks_returned_to_freelist: 9.
num_chunks_taken_from_freelist: 3531.
num_chunk_merges: 6.
num_chunk_splits: 2897.
num_chunks_enlarged: 2606.
num_inconsistent_stats: 0.

CodeHeap 'non-profiled nmethods': size=120064Kb used=11496Kb max_used=12758Kb free=108567Kb
 bounds [0x00000220639d0000, 0x0000022064660000, 0x000002206af10000]
CodeHeap 'profiled nmethods': size=120000Kb used=51437Kb max_used=61085Kb free=68562Kb
 bounds [0x000002205bf10000, 0x000002205fac0000, 0x0000022063440000]
CodeHeap 'non-nmethods': size=5696Kb used=1737Kb max_used=1881Kb free=3958Kb
 bounds [0x0000022063440000, 0x00000220636b0000, 0x00000220639d0000]
CodeCache: size=245760Kb, used=64670Kb, max_used=75724Kb, free=181087Kb
 total_blobs=17744, nmethods=16884, adapters=759, full_count=0
Compilation: enabled, stopped_count=0, restarted_count=0

Compilation events (20 events):
Event: 36.662 Thread 0x0000022072230b50 24958       4       org.jetbrains.kotlin.codegen.inline.SourceMapCopyingMethodVisitor::visitLineNumber (20 bytes)
Event: 36.663 Thread 0x00000220722536f0 nmethod 24959 0x000002205eca0688 code [0x000002205eca0ac0, 0x000002205eca34c0]
Event: 36.664 Thread 0x0000022072230b50 nmethod 24958 0x0000022063a51b08 code [0x0000022063a51c20, 0x0000022063a51d48]
Event: 36.664 Thread 0x0000022072230b50 24923       4       org.jetbrains.org.objectweb.asm.commons.LocalVariablesSorter::visitLocalVariable (26 bytes)
Event: 36.682 Thread 0x0000022072230b50 nmethod 24923 0x0000022063cf9208 code [0x0000022063cf93a0, 0x0000022063cf9f30]
Event: 36.682 Thread 0x0000022072230b50 24960 %     4       org.jetbrains.kotlin.codegen.optimization.nullCheck.RedundantNullCheckMethodTransformer$TransformerPass::run @ 49 (131 bytes)
Event: 36.688 Thread 0x0000022072230b50 nmethod 24960% 0x0000022063a64a88 code [0x0000022063a64c20, 0x0000022063a653c8]
Event: 36.688 Thread 0x0000022072230b50 24956       4       org.jetbrains.kotlin.codegen.inline.RemapVisitor::visitLocalVariable (56 bytes)
Event: 36.696 Thread 0x0000022072230b50 nmethod 24956 0x0000022063a4b608 code [0x0000022063a4b760, 0x0000022063a4bb90]
Event: 36.696 Thread 0x0000022072230b50 24957       4       org.jetbrains.kotlin.codegen.inline.LocalVarRemapper::visitLocalVariable (82 bytes)
Event: 36.707 Thread 0x0000022072230b50 nmethod 24957 0x0000022063b78a08 code [0x0000022063b78b60, 0x0000022063b78fd8]
Event: 36.708 Thread 0x0000022072230b50 24925       4       org.jetbrains.kotlin.types.error.ErrorUtils::isError (46 bytes)
Event: 36.709 Thread 0x0000022072230b50 nmethod 24925 0x0000022063a52408 code [0x0000022063a52520, 0x0000022063a52638]
Event: 36.709 Thread 0x0000022072230b50 24950       4       org.jetbrains.org.objectweb.asm.tree.MethodNode::visitFieldInsn (20 bytes)
Event: 36.712 Thread 0x0000022072230b50 nmethod 24950 0x0000022063ac3788 code [0x0000022063ac38a0, 0x0000022063ac3fc8]
Event: 36.712 Thread 0x0000022072230b50 24932       4       org.jetbrains.kotlin.load.java.BuiltinMethodsWithSpecialGenericSignature::getSpecialSignatureInfo (66 bytes)
Event: 36.727 Thread 0x0000022072230b50 nmethod 24932 0x0000022063dbb788 code [0x0000022063dbb9a0, 0x0000022063dbc6f8]
Event: 36.727 Thread 0x0000022072230b50 24962       4       org.jetbrains.kotlin.codegen.optimization.RedundantNopsCleanupMethodTransformerKt::getRequiredNopInRange (61 bytes)
Event: 36.730 Thread 0x0000022072230b50 nmethod 24962 0x0000022063a7e608 code [0x0000022063a7e720, 0x0000022063a7e8a0]
Event: 36.730 Thread 0x0000022072230b50 24961 %     4       org.jetbrains.kotlin.codegen.optimization.RedundantNopsCleanupMethodTransformer::recordNopsRequiredForDebugger @ 36 (298 bytes)

GC Heap History (20 events):
Event: 24.091 GC heap after
{Heap after GC invocations=32 (full 0):
 garbage-first heap   total reserved 3653632K, committed 239616K, used 171866K [0x0000000721000000, 0x0000000800000000)
  region size 2048K, 4 young (8192K), 4 survivors (8192K)
 Metaspace       used 69032K, committed 69376K, reserved 1114112K
  class space    used 6250K, committed 6400K, reserved 1048576K
}
Event: 25.168 GC heap before
{Heap before GC invocations=33 (full 0):
 garbage-first heap   total reserved 3653632K, committed 286720K, used 216922K [0x0000000721000000, 0x0000000800000000)
  region size 2048K, 26 young (53248K), 4 survivors (8192K)
 Metaspace       used 70111K, committed 70528K, reserved 1114112K
  class space    used 6340K, committed 6528K, reserved 1048576K
}
Event: 25.189 GC heap after
{Heap after GC invocations=34 (full 0):
 garbage-first heap   total reserved 3653632K, committed 286720K, used 187905K [0x0000000721000000, 0x0000000800000000)
  region size 2048K, 4 young (8192K), 4 survivors (8192K)
 Metaspace       used 70111K, committed 70528K, reserved 1114112K
  class space    used 6340K, committed 6528K, reserved 1048576K
}
Event: 26.447 GC heap before
{Heap before GC invocations=34 (full 0):
 garbage-first heap   total reserved 3653632K, committed 286720K, used 245249K [0x0000000721000000, 0x0000000800000000)
  region size 2048K, 33 young (67584K), 4 survivors (8192K)
 Metaspace       used 74453K, committed 74880K, reserved 1179648K
  class space    used 6740K, committed 6912K, reserved 1048576K
}
Event: 26.480 GC heap after
{Heap after GC invocations=35 (full 0):
 garbage-first heap   total reserved 3653632K, committed 344064K, used 190124K [0x0000000721000000, 0x0000000800000000)
  region size 2048K, 2 young (4096K), 2 survivors (4096K)
 Metaspace       used 74453K, committed 74880K, reserved 1179648K
  class space    used 6740K, committed 6912K, reserved 1048576K
}
Event: 29.814 GC heap before
{Heap before GC invocations=35 (full 0):
 garbage-first heap   total reserved 3653632K, committed 344064K, used 284332K [0x0000000721000000, 0x0000000800000000)
  region size 2048K, 48 young (98304K), 2 survivors (4096K)
 Metaspace       used 80409K, committed 80832K, reserved 1179648K
  class space    used 7156K, committed 7296K, reserved 1048576K
}
Event: 29.828 GC heap after
{Heap after GC invocations=36 (full 0):
 garbage-first heap   total reserved 3653632K, committed 344064K, used 198096K [0x0000000721000000, 0x0000000800000000)
  region size 2048K, 6 young (12288K), 6 survivors (12288K)
 Metaspace       used 80409K, committed 80832K, reserved 1179648K
  class space    used 7156K, committed 7296K, reserved 1048576K
}
Event: 31.794 GC heap before
{Heap before GC invocations=36 (full 0):
 garbage-first heap   total reserved 3653632K, committed 344064K, used 265680K [0x0000000721000000, 0x0000000800000000)
  region size 2048K, 40 young (81920K), 6 survivors (12288K)
 Metaspace       used 86275K, committed 86656K, reserved 1179648K
  class space    used 7602K, committed 7744K, reserved 1048576K
}
Event: 31.810 GC heap after
{Heap after GC invocations=37 (full 0):
 garbage-first heap   total reserved 3653632K, committed 344064K, used 203698K [0x0000000721000000, 0x0000000800000000)
  region size 2048K, 3 young (6144K), 3 survivors (6144K)
 Metaspace       used 86275K, committed 86656K, reserved 1179648K
  class space    used 7602K, committed 7744K, reserved 1048576K
}
Event: 33.289 GC heap before
{Heap before GC invocations=38 (full 0):
 garbage-first heap   total reserved 3653632K, committed 344064K, used 295858K [0x0000000721000000, 0x0000000800000000)
  region size 2048K, 48 young (98304K), 3 survivors (6144K)
 Metaspace       used 87121K, committed 87552K, reserved 1179648K
  class space    used 7617K, committed 7808K, reserved 1048576K
}
Event: 33.299 GC heap after
{Heap after GC invocations=39 (full 0):
 garbage-first heap   total reserved 3653632K, committed 344064K, used 210435K [0x0000000721000000, 0x0000000800000000)
  region size 2048K, 6 young (12288K), 6 survivors (12288K)
 Metaspace       used 87121K, committed 87552K, reserved 1179648K
  class space    used 7617K, committed 7808K, reserved 1048576K
}
Event: 34.372 GC heap before
{Heap before GC invocations=39 (full 0):
 garbage-first heap   total reserved 3653632K, committed 344064K, used 302595K [0x0000000721000000, 0x0000000800000000)
  region size 2048K, 51 young (104448K), 6 survivors (12288K)
 Metaspace       used 87515K, committed 87936K, reserved 1179648K
  class space    used 7630K, committed 7808K, reserved 1048576K
}
Event: 34.394 GC heap after
{Heap after GC invocations=40 (full 0):
 garbage-first heap   total reserved 3653632K, committed 344064K, used 211482K [0x0000000721000000, 0x0000000800000000)
  region size 2048K, 7 young (14336K), 7 survivors (14336K)
 Metaspace       used 87515K, committed 87936K, reserved 1179648K
  class space    used 7630K, committed 7808K, reserved 1048576K
}
Event: 35.192 GC heap before
{Heap before GC invocations=40 (full 0):
 garbage-first heap   total reserved 3653632K, committed 344064K, used 305690K [0x0000000721000000, 0x0000000800000000)
  region size 2048K, 53 young (108544K), 7 survivors (14336K)
 Metaspace       used 87670K, committed 88128K, reserved 1179648K
  class space    used 7631K, committed 7808K, reserved 1048576K
}
Event: 35.205 GC heap after
{Heap after GC invocations=41 (full 0):
 garbage-first heap   total reserved 3653632K, committed 344064K, used 218918K [0x0000000721000000, 0x0000000800000000)
  region size 2048K, 7 young (14336K), 7 survivors (14336K)
 Metaspace       used 87670K, committed 88128K, reserved 1179648K
  class space    used 7631K, committed 7808K, reserved 1048576K
}
Event: 35.795 GC heap before
{Heap before GC invocations=42 (full 0):
 garbage-first heap   total reserved 3653632K, committed 366592K, used 309030K [0x0000000721000000, 0x0000000800000000)
  region size 2048K, 51 young (104448K), 7 survivors (14336K)
 Metaspace       used 87723K, committed 88192K, reserved 1179648K
  class space    used 7631K, committed 7808K, reserved 1048576K
}
Event: 35.815 GC heap after
{Heap after GC invocations=43 (full 0):
 garbage-first heap   total reserved 3653632K, committed 366592K, used 229332K [0x0000000721000000, 0x0000000800000000)
  region size 2048K, 7 young (14336K), 7 survivors (14336K)
 Metaspace       used 87723K, committed 88192K, reserved 1179648K
  class space    used 7631K, committed 7808K, reserved 1048576K
}
Event: 36.417 GC heap before
{Heap before GC invocations=43 (full 0):
 garbage-first heap   total reserved 3653632K, committed 366592K, used 325588K [0x0000000721000000, 0x0000000800000000)
  region size 2048K, 54 young (110592K), 7 survivors (14336K)
 Metaspace       used 87776K, committed 88192K, reserved 1179648K
  class space    used 7631K, committed 7808K, reserved 1048576K
}
Event: 36.444 GC heap after
{Heap after GC invocations=44 (full 0):
 garbage-first heap   total reserved 3653632K, committed 366592K, used 236069K [0x0000000721000000, 0x0000000800000000)
  region size 2048K, 5 young (10240K), 5 survivors (10240K)
 Metaspace       used 87776K, committed 88192K, reserved 1179648K
  class space    used 7631K, committed 7808K, reserved 1048576K
}
Event: 36.730 GC heap before
{Heap before GC invocations=44 (full 0):
 garbage-first heap   total reserved 3653632K, committed 366592K, used 330277K [0x0000000721000000, 0x0000000800000000)
  region size 2048K, 51 young (104448K), 5 survivors (10240K)
 Metaspace       used 87780K, committed 88192K, reserved 1179648K
  class space    used 7631K, committed 7808K, reserved 1048576K
}

Dll operation events (7 events):
Event: 0.011 Loaded shared library D:\jvm\24_0_2\bin\java.dll
Event: 0.049 Loaded shared library D:\jvm\24_0_2\bin\jsvml.dll
Event: 0.066 Loaded shared library D:\jvm\24_0_2\bin\net.dll
Event: 0.068 Loaded shared library D:\jvm\24_0_2\bin\nio.dll
Event: 0.110 Loaded shared library D:\jvm\24_0_2\bin\zip.dll
Event: 0.152 Loaded shared library D:\jvm\24_0_2\bin\jimage.dll
Event: 1.326 Loaded shared library D:\jvm\24_0_2\bin\verify.dll

Deoptimization events (20 events):
Event: 36.363 Thread 0x0000022051419730 DEOPT PACKING pc=0x000002205faa8327 sp=0x00000095393fa1b0
Event: 36.363 Thread 0x0000022051419730 DEOPT UNPACKING pc=0x0000022063495722 sp=0x00000095393f9820 mode 0
Event: 36.371 Thread 0x0000022051419730 DEOPT PACKING pc=0x000002205faa8327 sp=0x00000095393faaa0
Event: 36.371 Thread 0x0000022051419730 DEOPT UNPACKING pc=0x0000022063495722 sp=0x00000095393fa110 mode 0
Event: 36.389 Thread 0x0000022051419730 Uncommon trap: trap_request=0xffffff4d fr.pc=0x00000220640866a8 relative=0x0000000000000308
Event: 36.389 Thread 0x0000022051419730 Uncommon trap: reason=unstable_if action=reinterpret pc=0x00000220640866a8 method=org.jetbrains.org.objectweb.asm.commons.InstructionAdapter.visitLdcInsn(Ljava/lang/Object;)V @ 212 c2
Event: 36.389 Thread 0x0000022051419730 DEOPT PACKING pc=0x00000220640866a8 sp=0x00000095393fb460
Event: 36.389 Thread 0x0000022051419730 DEOPT UNPACKING pc=0x0000022063556482 sp=0x00000095393fb3f0 mode 2
Event: 36.458 Thread 0x0000022051419730 DEOPT PACKING pc=0x000002205e417d11 sp=0x00000095393fb1a0
Event: 36.458 Thread 0x0000022051419730 DEOPT UNPACKING pc=0x0000022063495722 sp=0x00000095393fa748 mode 0
Event: 36.468 Thread 0x0000022051419730 DEOPT PACKING pc=0x000002205faa8327 sp=0x00000095393fb290
Event: 36.468 Thread 0x0000022051419730 DEOPT UNPACKING pc=0x0000022063495722 sp=0x00000095393fa900 mode 0
Event: 36.485 Thread 0x0000022051419730 DEOPT PACKING pc=0x000002205ccbf1d3 sp=0x00000095393fb5b0
Event: 36.485 Thread 0x0000022051419730 DEOPT UNPACKING pc=0x0000022063495722 sp=0x00000095393fab20 mode 0
Event: 36.643 Thread 0x0000022051419730 DEOPT PACKING pc=0x000002205e417d11 sp=0x00000095393fd920
Event: 36.643 Thread 0x0000022051419730 DEOPT UNPACKING pc=0x0000022063495722 sp=0x00000095393fcec8 mode 0
Event: 36.661 Thread 0x0000022051419730 DEOPT PACKING pc=0x000002205f5e787b sp=0x00000095393fdba0
Event: 36.661 Thread 0x0000022051419730 DEOPT UNPACKING pc=0x0000022063495722 sp=0x00000095393fd150 mode 0
Event: 36.697 Thread 0x0000022051419730 DEOPT PACKING pc=0x000002205faa8327 sp=0x00000095393fda10
Event: 36.697 Thread 0x0000022051419730 DEOPT UNPACKING pc=0x0000022063495722 sp=0x00000095393fd080 mode 0

Classes loaded (20 events):
Event: 27.977 Loading class sun/security/jca/GetInstance$Instance
Event: 27.977 Loading class sun/security/jca/GetInstance$Instance done
Event: 27.977 Loading class java/security/MessageDigest$Delegate
Event: 27.977 Loading class sun/security/util/MessageDigestSpi2
Event: 27.977 Loading class sun/security/util/MessageDigestSpi2 done
Event: 27.977 Loading class java/security/MessageDigest$Delegate done
Event: 27.977 Loading class java/security/MessageDigest$Delegate$CloneableDelegate
Event: 27.977 Loading class java/security/MessageDigest$Delegate$CloneableDelegate done
Event: 27.977 Loading class sun/security/provider/ByteArrayAccess
Event: 27.977 Loading class sun/security/provider/ByteArrayAccess done
Event: 27.977 Loading class sun/security/provider/ByteArrayAccess$LE
Event: 27.977 Loading class sun/security/provider/ByteArrayAccess$LE done
Event: 27.978 Loading class java/util/Base64
Event: 27.978 Loading class java/util/Base64 done
Event: 27.978 Loading class java/util/Base64$Encoder
Event: 27.978 Loading class java/util/Base64$Encoder done
Event: 30.025 Loading class java/lang/TypeNotPresentException
Event: 30.025 Loading class java/lang/TypeNotPresentException done
Event: 30.267 Loading class java/util/Vector$Itr
Event: 30.267 Loading class java/util/Vector$Itr done

Classes unloaded (0 events):
No events

Classes redefined (0 events):
No events

Internal exceptions (20 events):
Event: 26.845 Thread 0x0000022051419730 Exception <a 'java/lang/NoSuchMethodError'{0x0000000734b646c8}: 'java.lang.Object java.lang.invoke.Invokers$Holder.linkToTargetMethod(java.lang.Object, java.lang.Object, java.lang.Object, int, java.lang.Object, java.lang.Object)'> (0x0000000734b646c8) 
thrown [s\open\src\hotspot\share\interpreter\linkResolver.cpp, line 805]
Event: 26.849 Thread 0x0000022051419730 Exception <a 'java/lang/NoSuchMethodError'{0x0000000734b82b58}: 'java.lang.Object java.lang.invoke.DirectMethodHandle$Holder.invokeStatic(java.lang.Object, java.lang.Object, java.lang.Object, java.lang.Object, int, java.lang.Object)'> (0x0000000734b82b58) 
thrown [s\open\src\hotspot\share\interpreter\linkResolver.cpp, line 805]
Event: 27.208 Thread 0x0000022051419730 Implicit null exception at 0x00000220639d180e to 0x00000220639d1a70
Event: 27.208 Thread 0x0000022051419730 Implicit null exception at 0x0000022063bb468e to 0x0000022063bb48f0
Event: 27.208 Thread 0x0000022051419730 Implicit null exception at 0x00000220639d2ed0 to 0x00000220639d2fc9
Event: 27.208 Thread 0x0000022051419730 Implicit null exception at 0x00000220639d20d0 to 0x00000220639d21d5
Event: 27.208 Thread 0x0000022051419730 Implicit null exception at 0x0000022063a14e4d to 0x0000022063a14f20
Event: 27.394 Thread 0x0000022051419730 Exception <a 'java/lang/NoSuchMethodError'{0x00000007338665d8}: 'java.lang.Object java.lang.invoke.DirectMethodHandle$Holder.newInvokeSpecial(java.lang.Object, java.lang.Object, java.lang.Object, int, int, java.lang.Object)'> (0x00000007338665d8) 
thrown [s\open\src\hotspot\share\interpreter\linkResolver.cpp, line 805]
Event: 27.394 Thread 0x0000022051419730 Exception <a 'java/lang/NoSuchMethodError'{0x000000073386f190}: 'java.lang.Object java.lang.invoke.DirectMethodHandle$Holder.invokeSpecial(java.lang.Object, java.lang.Object, java.lang.Object, java.lang.Object, int, int, java.lang.Object)'> (0x000000073386f190) 
thrown [s\open\src\hotspot\share\interpreter\linkResolver.cpp, line 805]
Event: 27.395 Thread 0x0000022051419730 Exception <a 'java/lang/NoSuchMethodError'{0x0000000733877548}: 'java.lang.Object java.lang.invoke.Invokers$Holder.linkToTargetMethod(java.lang.Object, java.lang.Object, int, int, java.lang.Object, java.lang.Object)'> (0x0000000733877548) 
thrown [s\open\src\hotspot\share\interpreter\linkResolver.cpp, line 805]
Event: 30.128 Thread 0x0000022051419730 Exception <a 'java/lang/NoSuchMethodError'{0x0000000734ad8c00}: 'java.lang.Object java.lang.invoke.DirectMethodHandle$Holder.invokeStatic(java.lang.Object, int, int)'> (0x0000000734ad8c00) 
thrown [s\open\src\hotspot\share\interpreter\linkResolver.cpp, line 805]
Event: 30.332 Thread 0x0000022051419730 Exception <a 'java/lang/NoSuchMethodError'{0x000000073451a6d0}: 'java.lang.Object java.lang.invoke.DirectMethodHandle$Holder.newInvokeSpecial(java.lang.Object, java.lang.Object, java.lang.Object, java.lang.Object, java.lang.Object, int, java.lang.Object)'> (0x000000073451a6d0) 
thrown [s\open\src\hotspot\share\interpreter\linkResolver.cpp, line 805]
Event: 30.332 Thread 0x0000022051419730 Exception <a 'java/lang/NoSuchMethodError'{0x00000007345233e8}: 'java.lang.Object java.lang.invoke.DirectMethodHandle$Holder.invokeSpecial(java.lang.Object, java.lang.Object, java.lang.Object, java.lang.Object, java.lang.Object, java.lang.Object, int, java.lang.Object)'> (0x00000007345233e8) 
thrown [s\open\src\hotspot\share\interpreter\linkResolver.cpp, line 805]
Event: 30.333 Thread 0x0000022051419730 Exception <a 'java/lang/NoSuchMethodError'{0x000000073452b8f0}: 'java.lang.Object java.lang.invoke.Invokers$Holder.linkToTargetMethod(java.lang.Object, java.lang.Object, java.lang.Object, java.lang.Object, int, java.lang.Object, java.lang.Object)'> (0x000000073452b8f0) 
thrown [s\open\src\hotspot\share\interpreter\linkResolver.cpp, line 805]
Event: 30.747 Thread 0x0000022051419730 Implicit null exception at 0x00000220645674f8 to 0x000002206456787c
Event: 30.762 Thread 0x0000022051419730 Exception <a 'java/lang/NoSuchMethodError'{0x0000000733609948}: 'java.lang.Object java.lang.invoke.DirectMethodHandle$Holder.newInvokeSpecial(java.lang.Object, int, int, java.lang.Object)'> (0x0000000733609948) 
thrown [s\open\src\hotspot\share\interpreter\linkResolver.cpp, line 805]
Event: 30.762 Thread 0x0000022051419730 Exception <a 'java/lang/NoSuchMethodError'{0x0000000733612698}: 'java.lang.Object java.lang.invoke.DirectMethodHandle$Holder.invokeSpecial(java.lang.Object, java.lang.Object, int, int, java.lang.Object)'> (0x0000000733612698) 
thrown [s\open\src\hotspot\share\interpreter\linkResolver.cpp, line 805]
Event: 30.764 Thread 0x0000022051419730 Exception <a 'java/lang/NoSuchMethodError'{0x0000000733627c58}: 'java.lang.Object java.lang.invoke.DirectMethodHandle$Holder.invokeStatic(java.lang.Object, java.lang.Object, int, int, java.lang.Object)'> (0x0000000733627c58) 
thrown [s\open\src\hotspot\share\interpreter\linkResolver.cpp, line 805]
Event: 30.875 Thread 0x0000022051419730 Exception <a 'java/lang/NoSuchMethodError'{0x00000007335e2908}: 'java.lang.Object java.lang.invoke.DirectMethodHandle$Holder.invokeStatic(java.lang.Object, java.lang.Object, java.lang.Object, java.lang.Object, java.lang.Object, int)'> (0x00000007335e2908) 
thrown [s\open\src\hotspot\share\interpreter\linkResolver.cpp, line 805]
Event: 33.739 Thread 0x0000022051419730 Implicit null exception at 0x0000022064015bf2 to 0x00000220640165bc

VM Operations (20 events):
Event: 32.696 Executing VM operation: HandshakeAllThreads (Deoptimize) done
Event: 33.289 Executing VM operation: G1CollectForAllocation (G1 Evacuation Pause)
Event: 33.299 Executing VM operation: G1CollectForAllocation (G1 Evacuation Pause) done
Event: 33.473 Executing VM operation: HandshakeAllThreads (Deoptimize)
Event: 33.473 Executing VM operation: HandshakeAllThreads (Deoptimize) done
Event: 34.041 Executing VM operation: HandshakeAllThreads (Deoptimize)
Event: 34.041 Executing VM operation: HandshakeAllThreads (Deoptimize) done
Event: 34.372 Executing VM operation: G1CollectForAllocation (G1 Evacuation Pause)
Event: 34.394 Executing VM operation: G1CollectForAllocation (G1 Evacuation Pause) done
Event: 35.192 Executing VM operation: G1CollectForAllocation (G1 Evacuation Pause)
Event: 35.205 Executing VM operation: G1CollectForAllocation (G1 Evacuation Pause) done
Event: 35.586 Executing VM operation: G1PauseRemark
Event: 35.615 Executing VM operation: G1PauseRemark done
Event: 35.731 Executing VM operation: G1PauseCleanup
Event: 35.731 Executing VM operation: G1PauseCleanup done
Event: 35.795 Executing VM operation: G1CollectForAllocation (G1 Evacuation Pause)
Event: 35.815 Executing VM operation: G1CollectForAllocation (G1 Evacuation Pause) done
Event: 36.417 Executing VM operation: G1CollectForAllocation (G1 Evacuation Pause)
Event: 36.444 Executing VM operation: G1CollectForAllocation (G1 Evacuation Pause) done
Event: 36.730 Executing VM operation: G1CollectForAllocation (G1 Evacuation Pause)

Memory protections (0 events):
No events

Nmethod flushes (20 events):
Event: 35.608 Thread 0x000002207220cfa0 flushing  nmethod 0x000002205f37d308
Event: 35.608 Thread 0x000002207220cfa0 flushing  nmethod 0x000002205f3e7e88
Event: 35.608 Thread 0x000002207220cfa0 flushing  nmethod 0x000002205f3e8588
Event: 35.608 Thread 0x000002207220cfa0 flushing  nmethod 0x000002205f3e9d88
Event: 35.608 Thread 0x000002207220cfa0 flushing  nmethod 0x000002205f3eaa08
Event: 35.608 Thread 0x000002207220cfa0 flushing  nmethod 0x000002205f3eb108
Event: 35.608 Thread 0x000002207220cfa0 flushing  nmethod 0x000002205f3eb408
Event: 35.608 Thread 0x000002207220cfa0 flushing  nmethod 0x000002205f3eb908
Event: 35.608 Thread 0x000002207220cfa0 flushing  nmethod 0x000002205f3ebd08
Event: 35.608 Thread 0x000002207220cfa0 flushing  nmethod 0x000002205f3ec888
Event: 35.608 Thread 0x000002207220cfa0 flushing  nmethod 0x000002205f3ed208
Event: 35.608 Thread 0x000002207220cfa0 flushing  nmethod 0x000002205f3f2d88
Event: 35.608 Thread 0x000002207220cfa0 flushing  nmethod 0x000002205f42fa88
Event: 35.608 Thread 0x000002207220cfa0 flushing  nmethod 0x000002205f430c88
Event: 35.608 Thread 0x000002207220cfa0 flushing  nmethod 0x000002205f432508
Event: 35.608 Thread 0x000002207220cfa0 flushing  nmethod 0x000002205f4a9708
Event: 35.608 Thread 0x000002207220cfa0 flushing  nmethod 0x000002205f4a9f08
Event: 35.608 Thread 0x000002207220cfa0 flushing  nmethod 0x000002205f4b4f08
Event: 35.608 Thread 0x000002207220cfa0 flushing  nmethod 0x000002205f55e588
Event: 35.608 Thread 0x000002207220cfa0 flushing  nmethod 0x000002205f55ef08

Events (20 events):
Event: 0.046 Thread 0x0000022051419730 Thread added: 0x0000022072220d60
Event: 0.046 Thread 0x0000022051419730 Thread added: 0x0000022072221890
Event: 0.046 Thread 0x0000022051419730 Thread added: 0x00000220722223c0
Event: 0.046 Thread 0x0000022051419730 Thread added: 0x0000022072222ef0
Event: 0.046 Thread 0x0000022051419730 Thread added: 0x0000022072230b50
Event: 0.046 Thread 0x0000022051419730 Thread added: 0x00000220722536f0
Event: 0.058 Thread 0x0000022051419730 Thread added: 0x0000022045087a60
Event: 0.062 Thread 0x0000022051419730 Thread added: 0x00000220450891c0
Event: 0.086 Thread 0x00000220722536f0 Thread added: 0x000002204511aff0
Event: 0.099 Thread 0x000002204511aff0 Thread added: 0x000002204511a860
Event: 0.490 Thread 0x000002204511a860 Thread exited: 0x000002204511a860
Event: 0.503 Thread 0x000002204511aff0 Thread exited: 0x000002204511aff0
Event: 0.821 Thread 0x00000220722536f0 Thread added: 0x0000022045b15730
Event: 1.474 Thread 0x0000022045b15730 Thread added: 0x0000022045b18c20
Event: 2.106 Thread 0x0000022045b18c20 Thread exited: 0x0000022045b18c20
Event: 2.885 Thread 0x00000220722536f0 Thread added: 0x0000022045b17d00
Event: 20.369 Thread 0x0000022045b17d00 Thread exited: 0x0000022045b17d00
Event: 20.369 Thread 0x0000022045b15730 Thread exited: 0x0000022045b15730
Event: 20.694 Thread 0x00000220722536f0 Thread added: 0x000002204bd8dc50
Event: 21.065 Thread 0x00000220722536f0 Thread added: 0x0000022045b17d00


Dynamic libraries:
0x00007ff799d10000 - 0x00007ff799d20000 	D:\jvm\24_0_2\bin\java.exe
0x00007ffe4ad30000 - 0x00007ffe4af28000 	C:\Windows\SYSTEM32\ntdll.dll
0x00007ffe4a640000 - 0x00007ffe4a6fd000 	C:\Windows\System32\KERNEL32.DLL
0x00007ffe48970000 - 0x00007ffe48c66000 	C:\Windows\System32\KERNELBASE.dll
0x00007ffe48610000 - 0x00007ffe48710000 	C:\Windows\System32\ucrtbase.dll
0x00007ffe3efb0000 - 0x00007ffe3efcb000 	D:\jvm\24_0_2\bin\VCRUNTIME140.dll
0x00007ffe41860000 - 0x00007ffe41876000 	D:\jvm\24_0_2\bin\jli.dll
0x00007ffe4a710000 - 0x00007ffe4a8ae000 	C:\Windows\System32\USER32.dll
0x00007ffe2c7a0000 - 0x00007ffe2ca3a000 	C:\Windows\WinSxS\amd64_microsoft.windows.common-controls_6595b64144ccf1df_6.0.19041.3636_none_60b6a03d71f818d5\COMCTL32.dll
0x00007ffe48840000 - 0x00007ffe48862000 	C:\Windows\System32\win32u.dll
0x00007ffe49090000 - 0x00007ffe4912e000 	C:\Windows\System32\msvcrt.dll
0x00007ffe49160000 - 0x00007ffe4918c000 	C:\Windows\System32\GDI32.dll
0x00007ffe48c70000 - 0x00007ffe48d8a000 	C:\Windows\System32\gdi32full.dll
0x00007ffe487a0000 - 0x00007ffe4883d000 	C:\Windows\System32\msvcp_win.dll
0x00007ffe49ac0000 - 0x00007ffe49af0000 	C:\Windows\System32\IMM32.DLL
0x00007ffe40fe0000 - 0x00007ffe40fec000 	D:\jvm\24_0_2\bin\vcruntime140_1.dll
0x00007ffe22d90000 - 0x00007ffe22e1e000 	D:\jvm\24_0_2\bin\msvcp140.dll
0x00007ffdfa7a0000 - 0x00007ffdfb541000 	D:\jvm\24_0_2\bin\server\jvm.dll
0x00007ffe48d90000 - 0x00007ffe48e3f000 	C:\Windows\System32\ADVAPI32.dll
0x00007ffe49190000 - 0x00007ffe4922c000 	C:\Windows\System32\sechost.dll
0x00007ffe48f60000 - 0x00007ffe49086000 	C:\Windows\System32\RPCRT4.dll
0x00007ffe4aa60000 - 0x00007ffe4aacb000 	C:\Windows\System32\WS2_32.dll
0x00007ffe481c0000 - 0x00007ffe4820b000 	C:\Windows\SYSTEM32\POWRPROF.dll
0x00007ffe3e9d0000 - 0x00007ffe3e9f7000 	C:\Windows\SYSTEM32\WINMM.dll
0x00007ffe40d20000 - 0x00007ffe40d2a000 	C:\Windows\SYSTEM32\VERSION.dll
0x00007ffe481a0000 - 0x00007ffe481b2000 	C:\Windows\SYSTEM32\UMPDC.dll
0x00007ffe46c40000 - 0x00007ffe46c52000 	C:\Windows\SYSTEM32\kernel.appcore.dll
0x00007ffe3fa40000 - 0x00007ffe3fa4a000 	D:\jvm\24_0_2\bin\jimage.dll
0x00007ffe46110000 - 0x00007ffe462f4000 	C:\Windows\SYSTEM32\DBGHELP.DLL
0x00007ffe31790000 - 0x00007ffe317c4000 	C:\Windows\SYSTEM32\dbgcore.DLL
0x00007ffe48710000 - 0x00007ffe48792000 	C:\Windows\System32\bcryptPrimitives.dll
0x00007ffe3e540000 - 0x00007ffe3e55e000 	D:\jvm\24_0_2\bin\java.dll
0x00007ffe4a510000 - 0x00007ffe4a63b000 	C:\Windows\System32\ole32.dll
0x00007ffe4a1b0000 - 0x00007ffe4a504000 	C:\Windows\System32\combase.dll
0x00007ffe49230000 - 0x00007ffe49975000 	C:\Windows\System32\SHELL32.dll
0x00007ffe46490000 - 0x00007ffe46c2b000 	C:\Windows\SYSTEM32\windows.storage.dll
0x00007ffe47de0000 - 0x00007ffe47e0d000 	C:\Windows\SYSTEM32\Wldp.dll
0x00007ffe49af0000 - 0x00007ffe49b9d000 	C:\Windows\System32\SHCORE.dll
0x00007ffe4a080000 - 0x00007ffe4a0d5000 	C:\Windows\System32\shlwapi.dll
0x00007ffe48340000 - 0x00007ffe48365000 	C:\Windows\SYSTEM32\profapi.dll
0x00007ffe22970000 - 0x00007ffe22a47000 	D:\jvm\24_0_2\bin\jsvml.dll
0x00007ffe3f480000 - 0x00007ffe3f490000 	D:\jvm\24_0_2\bin\net.dll
0x00007ffe47b40000 - 0x00007ffe47baa000 	C:\Windows\system32\mswsock.dll
0x00007ffe325f0000 - 0x00007ffe32606000 	D:\jvm\24_0_2\bin\nio.dll
0x00007ffe3e520000 - 0x00007ffe3e537000 	D:\jvm\24_0_2\bin\zip.dll
0x00007ffe3f540000 - 0x00007ffe3f550000 	D:\jvm\24_0_2\bin\verify.dll

JVMTI agents: none

dbghelp: loaded successfully - version: 4.0.5 - missing functions: none
symbol engine: initialized successfully - sym options: 0x614 - pdb path: .;D:\jvm\24_0_2\bin;C:\Windows\SYSTEM32;C:\Windows\WinSxS\amd64_microsoft.windows.common-controls_6595b64144ccf1df_6.0.19041.3636_none_60b6a03d71f818d5;D:\jvm\24_0_2\bin\server

VM Arguments:
java_command: org.jetbrains.kotlin.cli.jvm.K2JVMCompiler @D:\Android\Projects\androidSampleProject\app\build\20250821_2263009325638123439.compiler.options
java_class_path (initial): D:\Android\Gradle\gradle_user_home\caches\modules-2\files-2.1\org.jetbrains.kotlin\kotlin-compiler-embeddable\2.0.21\79346ed53db48b18312a472602eb5c057070c54d\kotlin-compiler-embeddable-2.0.21.jar;D:\Android\Gradle\gradle_user_home\caches\modules-2\files-2.1\org.jetbrains.kotlin\kotlin-stdlib\2.0.21\618b539767b4899b4660a83006e052b63f1db551\kotlin-stdlib-2.0.21.jar;D:\Android\Gradle\gradle_user_home\caches\modules-2\files-2.1\org.jetbrains.kotlin\kotlin-script-runtime\2.0.21\c9b044380ad41f89aa89aa896c2d32a8c0b2129d\kotlin-script-runtime-2.0.21.jar;D:\Android\Gradle\gradle_user_home\caches\modules-2\files-2.1\org.jetbrains.kotlin\kotlin-reflect\1.6.10\1cbe9c92c12a94eea200d23c2bbaedaf3daf5132\kotlin-reflect-1.6.10.jar;D:\Android\Gradle\gradle_user_home\caches\modules-2\files-2.1\org.jetbrains.kotlin\kotlin-daemon-embeddable\2.0.21\c9e933b23287de9b5a17e2116b4657bb91aea72c\kotlin-daemon-embeddable-2.0.21.jar;D:\Android\Gradle\gradle_user_home\caches\modules-2\files-2.1\org.jetbrains.intellij.deps\trove4j\1.0.20200330\3afb14d5f9ceb459d724e907a21145e8ff394f02\trove4j-1.0.20200330.jar;D:\Android\Gradle\gradle_user_home\caches\modules-2\files-2.1\org.jetbrains.kotlinx\kotlinx-coroutines-core-jvm\1.6.4\2c997cd1c0ef33f3e751d3831929aeff1390cb30\kotlinx-coroutines-core-jvm-1.6.4.jar;D:\Android\Gradle\gradle_user_home\caches\modules-2\files-2.1\org.jetbrains\annotations\13.0\919f0dfe192fb4e063e7dacadee7f8bb9a2672a9\annotations-13.0.jar
Launcher Type: SUN_STANDARD

[Global flags]
     intx CICompilerCount                          = 4                                         {product} {ergonomic}
     uint ConcGCThreads                            = 2                                         {product} {ergonomic}
     uint G1ConcRefinementThreads                  = 8                                         {product} {ergonomic}
   size_t G1HeapRegionSize                         = 2097152                                   {product} {ergonomic}
   size_t InitialHeapSize                          = 234881024                                 {product} {ergonomic}
   size_t MarkStackSize                            = 4194304                                   {product} {ergonomic}
   size_t MarkStackSizeMax                         = 536870912                                 {product} {ergonomic}
   size_t MaxHeapSize                              = 3741319168                                {product} {ergonomic}
   size_t MaxNewSize                               = 2243952640                                {product} {ergonomic}
   size_t MinHeapDeltaBytes                        = 2097152                                   {product} {ergonomic}
   size_t MinHeapSize                              = 8388608                                   {product} {ergonomic}
    uintx NonNMethodCodeHeapSize                   = 5832704                                {pd product} {ergonomic}
    uintx NonProfiledCodeHeapSize                  = 122945536                              {pd product} {ergonomic}
    uintx ProfiledCodeHeapSize                     = 122880000                              {pd product} {ergonomic}
    uintx ReservedCodeCacheSize                    = 251658240                              {pd product} {ergonomic}
     bool SegmentedCodeCache                       = true                                      {product} {ergonomic}
   size_t SoftMaxHeapSize                          = 3741319168                             {manageable} {ergonomic}
     bool UseCompressedOops                        = true                           {product lp64_product} {ergonomic}
     bool UseG1GC                                  = true                                      {product} {ergonomic}
     bool UseLargePagesIndividualAllocation        = false                                  {pd product} {ergonomic}

Logging:
Log output configuration:
 #0: stdout all=warning uptime,level,tags foldmultilines=false
 #1: stderr all=off uptime,level,tags foldmultilines=false

Environment Variables:
PATH=C:\Program Files\Common Files\Oracle\Java\javapath;C:\Windows\system32;C:\Windows;C:\Windows\System32\Wbem;C:\Windows\System32\WindowsPowerShell\v1.0\;C:\Windows\System32\OpenSSH\;C:\Program Files\OpenVPN\bin;C:\Users\Ariubarzan\AppData\Local\Microsoft\WindowsApps;
USERNAME=Ariubarzan
OS=Windows_NT
PROCESSOR_IDENTIFIER=AMD64 Family 23 Model 24 Stepping 1, AuthenticAMD
TMP=C:\Users\ARIUBA~1\AppData\Local\Temp
TEMP=C:\Users\ARIUBA~1\AppData\Local\Temp




Periodic native trim disabled

---------------  S Y S T E M  ---------------

OS:
 Windows 10 , 64 bit Build 19041 (10.0.19041.3636)
OS uptime: 6 days 15:25 hours

CPU: total 8 (initial active 8) (8 cores per cpu, 2 threads per core) family 23 model 24 stepping 1 microcode 0x0, cx8, cmov, fxsr, ht, mmx, 3dnowpref, sse, sse2, sse3, ssse3, sse4a, sse4.1, sse4.2, popcnt, lzcnt, tsc, tscinvbit, avx, avx2, aes, clmul, bmi1, bmi2, adx, sha, fma, vzeroupper, clflush, clflushopt, rdtscp, f16c
Processor Information for the first 8 processors :
  Max Mhz: 2100, Current Mhz: 2100, Mhz Limit: 2100

Memory: 4k page, system-wide physical 14269M (2777M free)
TotalPageFile size 14269M (AvailPageFile size 251M)
current process WorkingSet (physical memory assigned to process): 690M, peak: 692M
current process commit charge ("private bytes"): 711M, peak: 1016M

vm_info: Java HotSpot(TM) 64-Bit Server VM (24.0.2+12-54) for windows-amd64 JRE (24.0.2+12-54), built on 2025-07-08T12:10:27Z with MS VC++ 17.6 (VS2022)

END.
